2025-11-07 10:16:13,188 - INFO - controller - Authenticating accounts...
2025-11-07 10:16:13,188 - ERROR - auth_manager - Auth exception for source_account: Exception during authentication: object of type 'NoneType' has no len()
2025-11-07 10:16:13,188 - ERROR - auth_manager - Auth exception for mirror_account: Exception during authentication: object of type 'NoneType' has no len()
2025-11-07 10:16:13,188 - ERROR - controller - source_account: Authentication failed - Exception during authentication: object of type 'NoneType' has no len()
2025-11-07 10:16:13,189 - ERROR - controller - mirror_account: Authentication failed - Exception during authentication: object of type 'NoneType' has no len()
2025-11-07 10:16:13,190 - INFO - controller - Starting monitoring loop...
2025-11-07 10:16:13,190 - INFO - controller - Monitoring started (mirroring disabled by default)
2025-11-07 10:16:13,190 - INFO - trade_detector - Checking for new trades...
2025-11-07 10:16:13,190 - ERROR - trade_detector - No connection to source account
2025-11-07 10:16:13,190 - ERROR - trade_detector - No trade data received from API
2025-11-07 10:16:23,197 - INFO - trade_detector - Checking for new trades...
2025-11-07 10:16:23,197 - ERROR - trade_detector - No connection to source account
2025-11-07 10:16:23,197 - ERROR - trade_detector - No trade data received from API
2025-11-07 10:16:33,207 - INFO - trade_detector - Checking for new trades...
2025-11-07 10:16:33,208 - ERROR - trade_detector - No connection to source account
2025-11-07 10:16:33,208 - ERROR - trade_detector - No trade data received from API
2025-11-07 10:16:43,213 - INFO - trade_detector - Checking for new trades...
2025-11-07 10:16:43,213 - ERROR - trade_detector - No connection to source account
2025-11-07 10:16:43,213 - ERROR - trade_detector - No trade data received from API
2025-11-07 10:16:53,221 - INFO - trade_detector - Checking for new trades...
2025-11-07 10:16:53,222 - ERROR - trade_detector - No connection to source account
2025-11-07 10:16:53,222 - ERROR - trade_detector - No trade data received from API
2025-11-07 10:17:03,229 - INFO - trade_detector - Checking for new trades...
2025-11-07 10:17:03,229 - ERROR - trade_detector - No connection to source account
2025-11-07 10:17:03,229 - ERROR - trade_detector - No trade data received from API
2025-11-07 10:17:13,237 - INFO - trade_detector - Checking for new trades...
2025-11-07 10:17:13,237 - ERROR - trade_detector - No connection to source account
2025-11-07 10:17:13,237 - ERROR - trade_detector - No trade data received from API
2025-11-07 10:17:23,248 - INFO - trade_detector - Checking for new trades...
2025-11-07 10:17:23,248 - ERROR - trade_detector - No connection to source account
2025-11-07 10:17:23,248 - ERROR - trade_detector - No trade data received from API
2025-11-07 10:17:33,257 - INFO - trade_detector - Checking for new trades...
2025-11-07 10:17:33,257 - ERROR - trade_detector - No connection to source account
2025-11-07 10:17:33,257 - ERROR - trade_detector - No trade data received from API
2025-11-07 10:17:43,261 - INFO - trade_detector - Checking for new trades...
2025-11-07 10:17:43,261 - ERROR - trade_detector - No connection to source account
2025-11-07 10:17:43,261 - ERROR - trade_detector - No trade data received from API
2025-11-07 10:17:53,269 - INFO - trade_detector - Checking for new trades...
2025-11-07 10:17:53,269 - ERROR - trade_detector - No connection to source account
2025-11-07 10:17:53,269 - ERROR - trade_detector - No trade data received from API
2025-11-07 10:24:59,046 - INFO - controller - Authenticating accounts...
2025-11-07 10:24:59,492 - INFO - auth_manager - Authenticated source_account successfully
2025-11-07 10:24:59,945 - INFO - auth_manager - Authenticated mirror_account successfully
2025-11-07 10:24:59,945 - INFO - controller - source_account: Authenticated
2025-11-07 10:24:59,946 - INFO - controller - mirror_account: Authenticated
2025-11-07 10:24:59,946 - INFO - controller - Starting monitoring loop...
2025-11-07 10:24:59,946 - INFO - controller - Monitoring started (mirroring disabled by default)
2025-11-07 10:24:59,946 - INFO - trade_detector - Checking for new trades...
2025-11-07 10:25:00,153 - INFO - trade_detector - No trades in trade book (data is None)
2025-11-07 10:25:10,163 - INFO - trade_detector - Checking for new trades...
2025-11-07 10:25:10,361 - INFO - trade_detector - No trades in trade book (data is None)
2025-11-07 10:25:20,372 - INFO - trade_detector - Checking for new trades...
2025-11-07 10:25:20,586 - INFO - trade_detector - No trades in trade book (data is None)
2025-11-07 10:25:30,596 - INFO - trade_detector - Checking for new trades...
2025-11-07 10:25:30,802 - INFO - trade_detector - No trades in trade book (data is None)
2025-11-07 10:25:40,812 - INFO - trade_detector - Checking for new trades...
2025-11-07 10:25:41,014 - INFO - trade_detector - No trades in trade book (data is None)
2025-11-07 10:25:51,024 - INFO - trade_detector - Checking for new trades...
2025-11-07 10:25:51,234 - INFO - trade_detector - No trades in trade book (data is None)
2025-11-07 10:26:01,241 - INFO - trade_detector - Checking for new trades...
2025-11-07 10:26:06,437 - INFO - trade_detector - No trades in trade book (data is None)
2025-11-07 10:26:16,448 - INFO - trade_detector - Checking for new trades...
2025-11-07 10:26:16,637 - INFO - trade_detector - No trades in trade book (data is None)
2025-11-07 10:26:26,638 - INFO - trade_detector - Checking for new trades...
2025-11-07 10:26:26,824 - INFO - trade_detector - No trades in trade book (data is None)
2025-11-07 10:26:36,834 - INFO - trade_detector - Checking for new trades...
2025-11-07 10:26:37,040 - INFO - trade_detector - No trades in trade book (data is None)
2025-11-07 10:26:47,050 - INFO - trade_detector - Checking for new trades...
2025-11-07 10:26:47,253 - INFO - trade_detector - No trades in trade book (data is None)
2025-11-07 10:26:57,261 - INFO - trade_detector - Checking for new trades...
2025-11-07 10:26:57,616 - INFO - trade_detector - No trades in trade book (data is None)
2025-11-07 10:27:07,631 - INFO - trade_detector - Checking for new trades...
2025-11-07 10:27:08,217 - INFO - trade_detector - No trades in trade book (data is None)
2025-11-07 10:27:18,227 - INFO - trade_detector - Checking for new trades...
2025-11-07 10:27:18,432 - INFO - trade_detector - No trades in trade book (data is None)
2025-11-07 10:27:28,442 - INFO - trade_detector - Checking for new trades...
2025-11-07 10:27:28,639 - INFO - trade_detector - No trades in trade book (data is None)
2025-11-07 10:27:38,649 - INFO - trade_detector - Checking for new trades...
2025-11-07 10:27:39,318 - INFO - trade_detector - No trades in trade book (data is None)
2025-11-07 10:27:49,325 - INFO - trade_detector - Checking for new trades...
2025-11-07 10:27:49,524 - INFO - trade_detector - No trades in trade book (data is None)
2025-11-07 10:27:59,547 - INFO - trade_detector - Checking for new trades...
2025-11-07 10:28:00,127 - INFO - trade_detector - No trades in trade book (data is None)
2025-11-07 10:28:10,444 - INFO - trade_detector - Checking for new trades...
2025-11-07 10:28:18,952 - INFO - trade_detector - No trades in trade book (data is None)
2025-11-07 10:28:28,961 - INFO - trade_detector - Checking for new trades...
2025-11-07 10:28:29,192 - INFO - trade_detector - No trades in trade book (data is None)
2025-11-07 10:28:39,203 - INFO - trade_detector - Checking for new trades...
2025-11-07 10:28:39,399 - INFO - trade_detector - No trades in trade book (data is None)
2025-11-07 10:28:49,409 - INFO - trade_detector - Checking for new trades...
2025-11-07 10:28:49,606 - INFO - trade_detector - No trades in trade book (data is None)
2025-11-07 10:28:59,616 - INFO - trade_detector - Checking for new trades...
2025-11-07 10:28:59,820 - INFO - trade_detector - No trades in trade book (data is None)
2025-11-07 10:29:09,830 - INFO - trade_detector - Checking for new trades...
2025-11-07 10:29:10,032 - INFO - trade_detector - No trades in trade book (data is None)
2025-11-07 10:29:20,041 - INFO - trade_detector - Checking for new trades...
2025-11-07 10:29:20,242 - INFO - trade_detector - No trades in trade book (data is None)
2025-11-07 10:29:30,249 - INFO - trade_detector - Checking for new trades...
2025-11-07 10:29:30,452 - INFO - trade_detector - No trades in trade book (data is None)
2025-11-07 10:29:40,462 - INFO - trade_detector - Checking for new trades...
2025-11-07 10:29:40,648 - INFO - trade_detector - No trades in trade book (data is None)
2025-11-07 10:29:50,657 - INFO - trade_detector - Checking for new trades...
2025-11-07 10:29:50,886 - INFO - trade_detector - No trades in trade book (data is None)
2025-11-07 10:30:00,896 - INFO - trade_detector - Checking for new trades...
2025-11-07 10:30:01,104 - INFO - trade_detector - No trades in trade book (data is None)
2025-11-07 10:30:11,114 - INFO - trade_detector - Checking for new trades...
2025-11-07 10:30:11,318 - INFO - trade_detector - No trades in trade book (data is None)
2025-11-07 10:30:21,328 - INFO - trade_detector - Checking for new trades...
2025-11-07 10:30:21,555 - INFO - trade_detector - No trades in trade book (data is None)
2025-11-07 10:30:31,566 - INFO - trade_detector - Checking for new trades...
2025-11-07 10:30:31,759 - INFO - trade_detector - No trades in trade book (data is None)
2025-11-07 10:30:41,769 - INFO - trade_detector - Checking for new trades...
2025-11-07 10:30:41,978 - INFO - trade_detector - No trades in trade book (data is None)
2025-11-07 10:30:51,988 - INFO - trade_detector - Checking for new trades...
2025-11-07 10:30:57,187 - INFO - trade_detector - No trades in trade book (data is None)
2025-11-07 10:31:07,197 - INFO - trade_detector - Checking for new trades...
2025-11-07 10:31:07,429 - INFO - trade_detector - No trades in trade book (data is None)
2025-11-07 10:31:17,439 - INFO - trade_detector - Checking for new trades...
2025-11-07 10:31:17,634 - INFO - trade_detector - No trades in trade book (data is None)
2025-11-07 10:31:27,641 - INFO - trade_detector - Checking for new trades...
2025-11-07 10:31:27,843 - INFO - trade_detector - No trades in trade book (data is None)
2025-11-07 10:31:37,853 - INFO - trade_detector - Checking for new trades...
2025-11-07 10:31:38,060 - INFO - trade_detector - No trades in trade book (data is None)
2025-11-07 10:31:48,071 - INFO - trade_detector - Checking for new trades...
2025-11-07 10:31:48,265 - INFO - trade_detector - No trades in trade book (data is None)
2025-11-07 10:31:58,273 - INFO - trade_detector - Checking for new trades...
2025-11-07 10:31:58,463 - INFO - trade_detector - No trades in trade book (data is None)
2025-11-07 10:32:08,474 - INFO - trade_detector - Checking for new trades...
2025-11-07 10:32:08,672 - INFO - trade_detector - No trades in trade book (data is None)
2025-11-07 10:32:18,682 - INFO - trade_detector - Checking for new trades...
2025-11-07 10:32:18,890 - INFO - trade_detector - No trades in trade book (data is None)
2025-11-07 10:32:28,894 - INFO - trade_detector - Checking for new trades...
2025-11-07 10:32:29,291 - INFO - trade_detector - No trades in trade book (data is None)
2025-11-07 10:32:39,301 - INFO - trade_detector - Checking for new trades...
2025-11-07 10:32:39,495 - INFO - trade_detector - No trades in trade book (data is None)
2025-11-07 10:32:49,505 - INFO - trade_detector - Checking for new trades...
2025-11-07 10:32:49,697 - INFO - trade_detector - No trades in trade book (data is None)
2025-11-07 10:32:59,705 - INFO - trade_detector - Checking for new trades...
2025-11-07 10:33:00,075 - INFO - trade_detector - No trades in trade book (data is None)
2025-11-07 10:33:10,085 - INFO - trade_detector - Checking for new trades...
2025-11-07 10:33:10,281 - INFO - trade_detector - No trades in trade book (data is None)
2025-11-07 10:48:13,682 - INFO - controller - Authenticating accounts...
2025-11-07 10:48:14,132 - INFO - auth_manager - Authenticated source_account successfully
2025-11-07 10:48:14,604 - INFO - auth_manager - Authenticated mirror_account successfully
2025-11-07 10:48:14,605 - INFO - controller - source_account: Authenticated
2025-11-07 10:48:14,605 - INFO - controller - mirror_account: Authenticated
2025-11-07 10:48:14,605 - INFO - controller - Starting monitoring loop...
2025-11-07 10:48:14,605 - INFO - controller - Monitoring started (mirroring disabled by default)
2025-11-07 10:48:14,605 - INFO - trade_detector - Checking for new trades...
2025-11-07 10:48:14,809 - INFO - trade_detector - No trades in trade book (data is None)
2025-11-07 10:48:24,819 - INFO - trade_detector - Checking for new trades...
2025-11-07 10:48:25,014 - INFO - trade_detector - No trades in trade book (data is None)
2025-11-07 10:48:35,025 - INFO - trade_detector - Checking for new trades...
2025-11-07 10:48:35,237 - INFO - trade_detector - No trades in trade book (data is None)
2025-11-07 10:57:58,847 - INFO - controller - Authenticating accounts...
2025-11-07 10:57:59,303 - INFO - auth_manager - Authenticated source_account successfully
2025-11-07 10:57:59,761 - INFO - auth_manager - Authenticated mirror_account successfully
2025-11-07 10:57:59,763 - INFO - controller - Starting monitoring loop...
2025-11-07 10:57:59,763 - INFO - controller - Monitoring started (mirroring disabled by default)
2025-11-07 10:57:59,763 - INFO - trade_detector - Checking for new trades...
2025-11-07 10:57:59,975 - INFO - trade_detector - No trades in trade book (data is None)
2025-11-07 10:58:09,985 - INFO - trade_detector - Checking for new trades...
2025-11-07 10:58:10,183 - INFO - trade_detector - No trades in trade book (data is None)
2025-11-07 10:58:20,194 - INFO - trade_detector - Checking for new trades...
2025-11-07 10:58:20,399 - INFO - trade_detector - No trades in trade book (data is None)
2025-11-07 10:58:30,409 - INFO - trade_detector - Checking for new trades...
2025-11-07 10:58:30,613 - INFO - trade_detector - No trades in trade book (data is None)
2025-11-07 10:58:40,620 - INFO - trade_detector - Checking for new trades...
2025-11-07 10:58:40,822 - INFO - trade_detector - No trades in trade book (data is None)
2025-11-07 10:58:50,833 - INFO - trade_detector - Checking for new trades...
2025-11-07 10:58:51,031 - INFO - trade_detector - No trades in trade book (data is None)
2025-11-07 10:59:01,041 - INFO - trade_detector - Checking for new trades...
2025-11-07 10:59:06,246 - INFO - trade_detector - No trades in trade book (data is None)
2025-11-07 10:59:16,257 - INFO - trade_detector - Checking for new trades...
2025-11-07 10:59:16,453 - INFO - trade_detector - No trades in trade book (data is None)
2025-11-07 10:59:26,463 - INFO - trade_detector - Checking for new trades...
2025-11-07 10:59:26,689 - INFO - trade_detector - No trades in trade book (data is None)
2025-11-07 10:59:36,699 - INFO - trade_detector - Checking for new trades...
2025-11-07 10:59:36,899 - INFO - trade_detector - No trades in trade book (data is None)
2025-11-07 10:59:45,394 - INFO - mirror_engine - MIRRORING ENGINE STOPPED
2025-11-07 10:59:45,578 - INFO - auth_manager - Logged out source_account
2025-11-07 10:59:45,767 - INFO - auth_manager - Logged out mirror_account
2025-11-07 10:59:45,768 - INFO - controller - Monitoring stopped
2025-11-07 12:14:11,266 - INFO - controller - Authenticating accounts...
2025-11-07 12:14:12,292 - INFO - auth_manager - Authenticated source_account successfully
2025-11-07 12:14:13,197 - INFO - auth_manager - Authenticated mirror_account successfully
2025-11-07 12:14:13,198 - INFO - controller - Starting monitoring loop...
2025-11-07 12:14:13,198 - INFO - controller - Monitoring started (mirroring disabled by default)
2025-11-07 12:14:13,198 - INFO - trade_detector - Checking for new trades...
2025-11-07 12:14:13,422 - INFO - trade_detector - No trades in trade book (data is None)
2025-11-07 12:14:23,432 - INFO - trade_detector - Checking for new trades...
2025-11-07 12:14:23,643 - INFO - trade_detector - No trades in trade book (data is None)
2025-11-07 12:14:33,653 - INFO - mirror_engine - MIRRORING ENGINE STOPPED
2025-11-07 12:14:33,839 - INFO - auth_manager - Logged out source_account
2025-11-07 12:14:34,030 - INFO - auth_manager - Logged out mirror_account
2025-11-07 12:14:34,031 - INFO - controller - Monitoring stopped
2025-11-07 12:17:45,737 - INFO - controller - Authenticating accounts...
2025-11-07 12:17:46,189 - INFO - auth_manager - Authenticated source_account successfully
2025-11-07 12:17:46,613 - INFO - auth_manager - Authenticated mirror_account successfully
2025-11-07 12:17:46,615 - INFO - controller - Starting monitoring loop...
2025-11-07 12:17:46,615 - INFO - controller - Monitoring started (mirroring disabled by default)
2025-11-07 12:17:46,615 - INFO - trade_detector - Checking for new trades...
2025-11-07 12:17:46,816 - INFO - trade_detector - No trades in trade book (data is None)
2025-11-07 12:17:56,825 - INFO - trade_detector - Checking for new trades...
2025-11-07 12:17:57,025 - INFO - trade_detector - No trades in trade book (data is None)
2025-11-07 12:18:07,036 - INFO - trade_detector - Checking for new trades...
2025-11-07 12:18:07,254 - INFO - trade_detector - No trades in trade book (data is None)
2025-11-07 12:18:12,505 - WARNING - controller - Monitoring not running
2025-11-07 12:26:00,171 - INFO - controller - Authenticating accounts...
2025-11-07 12:26:00,659 - INFO - auth_manager - Authenticated source_account successfully
2025-11-07 12:26:01,119 - INFO - auth_manager - Authenticated mirror_account successfully
2025-11-07 12:26:01,119 - INFO - controller - Starting monitoring loop...
2025-11-07 12:26:01,119 - INFO - controller - Monitoring started (mirroring disabled by default)
2025-11-07 12:26:01,120 - INFO - trade_detector - Checking for new trades...
2025-11-07 12:26:01,361 - INFO - trade_detector - NEW TRADE DETECTED: NIFTY11NOV2525650CE Qty: 300 Price: 30.7
2025-11-07 12:26:01,361 - INFO - trade_detector - Found 1 new trades
2025-11-07 12:26:11,372 - INFO - trade_detector - Checking for new trades...
2025-11-07 12:26:11,591 - INFO - trade_detector - No new trades found
2025-11-07 12:26:21,602 - INFO - trade_detector - Checking for new trades...
2025-11-07 12:26:21,808 - INFO - trade_detector - No new trades found
2025-11-07 12:26:31,818 - INFO - trade_detector - Checking for new trades...
2025-11-07 12:26:32,043 - INFO - trade_detector - No new trades found
2025-11-07 12:26:42,054 - INFO - trade_detector - Checking for new trades...
2025-11-07 12:26:42,263 - INFO - trade_detector - No new trades found
2025-11-07 12:26:52,273 - INFO - trade_detector - Checking for new trades...
2025-11-07 12:26:52,486 - INFO - trade_detector - No new trades found
2025-11-07 12:27:02,497 - INFO - trade_detector - Checking for new trades...
2025-11-07 12:27:02,696 - INFO - trade_detector - No new trades found
2025-11-07 12:27:12,705 - INFO - trade_detector - Checking for new trades...
2025-11-07 12:27:12,898 - INFO - trade_detector - No new trades found
2025-11-07 12:27:22,901 - INFO - trade_detector - Checking for new trades...
2025-11-07 12:27:23,095 - INFO - trade_detector - No new trades found
2025-11-07 12:27:33,105 - INFO - trade_detector - Checking for new trades...
2025-11-07 12:27:33,310 - INFO - trade_detector - No new trades found
2025-11-07 12:27:43,320 - INFO - trade_detector - Checking for new trades...
2025-11-07 12:27:43,536 - INFO - trade_detector - No new trades found
2025-11-07 12:27:53,546 - INFO - trade_detector - Checking for new trades...
2025-11-07 12:27:53,748 - INFO - trade_detector - No new trades found
2025-11-07 12:28:03,758 - INFO - trade_detector - Checking for new trades...
2025-11-07 12:28:03,971 - INFO - trade_detector - No new trades found
2025-11-07 12:28:13,982 - INFO - trade_detector - Checking for new trades...
2025-11-07 12:28:14,197 - INFO - trade_detector - No new trades found
2025-11-07 12:28:24,205 - INFO - trade_detector - Checking for new trades...
2025-11-07 12:28:24,697 - INFO - trade_detector - No new trades found
2025-11-07 12:28:34,709 - INFO - trade_detector - Checking for new trades...
2025-11-07 12:28:34,930 - INFO - trade_detector - No new trades found
2025-11-07 12:28:44,933 - INFO - trade_detector - Checking for new trades...
2025-11-07 12:28:45,140 - INFO - trade_detector - No new trades found
2025-11-07 12:28:55,145 - INFO - trade_detector - Checking for new trades...
2025-11-07 12:28:55,357 - INFO - trade_detector - NEW TRADE DETECTED: NIFTY11NOV2525650CE Qty: 225 Price: 30.85
2025-11-07 12:28:55,363 - INFO - trade_detector - NEW TRADE DETECTED: NIFTY11NOV2525650CE Qty: 75 Price: 30.85
2025-11-07 12:28:55,363 - INFO - trade_detector - Found 2 new trades
2025-11-07 12:29:05,373 - INFO - trade_detector - Checking for new trades...
2025-11-07 12:29:05,591 - INFO - trade_detector - No new trades found
2025-11-07 12:29:15,601 - INFO - trade_detector - Checking for new trades...
2025-11-07 12:29:15,814 - INFO - trade_detector - No new trades found
2025-11-07 12:29:25,824 - INFO - trade_detector - Checking for new trades...
2025-11-07 12:29:26,031 - INFO - trade_detector - No new trades found
2025-11-07 12:29:36,041 - INFO - trade_detector - Checking for new trades...
2025-11-07 12:29:36,245 - INFO - trade_detector - No new trades found
2025-11-07 12:29:46,253 - INFO - trade_detector - Checking for new trades...
2025-11-07 12:29:46,464 - INFO - trade_detector - No new trades found
2025-11-07 12:29:56,473 - INFO - mirror_engine - MIRRORING ENGINE STOPPED
2025-11-07 12:30:01,672 - INFO - auth_manager - Logged out source_account
2025-11-07 12:30:01,869 - INFO - auth_manager - Logged out mirror_account
2025-11-07 12:30:01,870 - INFO - controller - Monitoring stopped
2025-11-07 13:08:32,818 - INFO - controller - Authenticating accounts...
2025-11-07 13:08:38,270 - INFO - auth_manager - Authenticated source_account successfully
2025-11-07 13:08:38,723 - INFO - auth_manager - Authenticated mirror_account successfully
2025-11-07 13:08:38,724 - INFO - controller - Starting monitoring loop...
2025-11-07 13:08:38,724 - INFO - controller - Monitoring started (mirroring disabled by default)
2025-11-07 13:08:38,725 - INFO - trade_detector - Checking for new trades...
2025-11-07 13:08:43,938 - INFO - trade_detector - No new trades found
2025-11-07 13:08:53,948 - INFO - trade_detector - Checking for new trades...
2025-11-07 13:08:54,147 - INFO - trade_detector - No new trades found
2025-11-07 13:09:04,157 - INFO - trade_detector - Checking for new trades...
2025-11-07 13:09:04,364 - INFO - trade_detector - No new trades found
2025-11-07 13:09:14,375 - INFO - mirror_engine - MIRRORING ENGINE STOPPED
2025-11-07 13:09:14,560 - INFO - auth_manager - Logged out source_account
2025-11-07 13:09:14,745 - INFO - auth_manager - Logged out mirror_account
2025-11-07 13:09:14,746 - INFO - controller - Monitoring stopped
2025-11-07 13:11:40,304 - INFO - controller - Authenticating accounts...
2025-11-07 13:11:45,783 - INFO - auth_manager - Authenticated source_account successfully
2025-11-07 13:11:56,231 - INFO - auth_manager - Authenticated mirror_account successfully
2025-11-07 13:11:56,232 - INFO - controller - Starting monitoring loop...
2025-11-07 13:11:56,232 - INFO - controller - Monitoring started (mirroring disabled by default)
2025-11-07 13:11:56,233 - INFO - trade_detector - Checking for new trades...
2025-11-07 13:11:56,446 - INFO - trade_detector - No new trades found
2025-11-07 13:12:04,541 - INFO - safety_manager - Mirroring ENABLED
2025-11-07 13:12:04,541 - INFO - mirror_engine - MIRRORING ENGINE STARTED
2025-11-07 13:12:06,453 - INFO - trade_detector - Checking for new trades...
2025-11-07 13:12:06,669 - INFO - trade_detector - No new trades found
2025-11-07 13:12:16,243 - INFO - mirror_engine - MIRRORING ENGINE STOPPED
2025-11-07 13:12:16,244 - INFO - safety_manager - Mirroring DISABLED
2025-11-07 13:12:16,673 - INFO - trade_detector - Checking for new trades...
2025-11-07 13:12:16,872 - INFO - trade_detector - No new trades found
2025-11-07 13:12:25,770 - INFO - mirror_engine - MIRRORING ENGINE STOPPED
2025-11-07 13:12:25,970 - INFO - auth_manager - Logged out source_account
2025-11-07 13:12:26,162 - INFO - auth_manager - Logged out mirror_account
2025-11-07 13:12:26,163 - INFO - controller - Monitoring stopped
